Building DAG of jobs...
Job counts:
	count	jobs
	1	all
	1	combineTrinityA
	4	fixTrinityNames
	1	samtoolMerge
	7

[Fri Nov 13 18:19:25 2020]
localrule fixTrinityNames:
    input: /scratch/xf3/bxs800/analysis/Pst198E16_v1/RNAseq/../trinityGG/9D/Pst198E16_v1/trinity/Trinity-GG.fasta
    output: /scratch/xf3/bxs800/analysis/Pst198E16_v1/RNAseq/../trinityGG/9D/Pst198E16_v1/trinity/Trinity-GG.fix.fasta
    jobid: 48
    wildcards: sample=9D

RuleException in line 100 of /home/800/bxs800/scripts/snakemake/recepies/RNAseqTrinity/snakefile:
NameError: The name 'sample' is unknown in this context. Please make sure that you defined that variable. Also note that braces not used for variable access have to be escaped by repeating them, i.e. {{print $1}}
  File "/home/800/bxs800/miniconda3/envs/snakemake/lib/python3.8/site-packages/snakemake/executors/__init__.py", line 111, in run_jobs
  File "/home/800/bxs800/miniconda3/envs/snakemake/lib/python3.8/site-packages/snakemake/executors/__init__.py", line 120, in run
  File "/home/800/bxs800/miniconda3/envs/snakemake/lib/python3.8/site-packages/snakemake/executors/__init__.py", line 131, in _run
  File "/home/800/bxs800/miniconda3/envs/snakemake/lib/python3.8/site-packages/snakemake/executors/__init__.py", line 151, in printjob
  File "/home/800/bxs800/miniconda3/envs/snakemake/lib/python3.8/site-packages/snakemake/executors/__init__.py", line 137, in printjob
