Building DAG of jobs...
Using shell: /bin/bash
Provided cluster nodes: 1000
Job counts:
	count	jobs
	1	all
	1	samtoolMerge
	2

[Fri Nov 13 16:36:51 2020]
rule samtoolMerge:
    input: /scratch/xf3/bxs800/analysis/Pst198E16_v1/RNAseq/6D/Pst198E16_v1.6D.sorted.bam, /scratch/xf3/bxs800/analysis/Pst198E16_v1/RNAseq/9D/Pst198E16_v1.9D.sorted.bam, /scratch/xf3/bxs800/analysis/Pst198E16_v1/RNAseq/GS/Pst198E16_v1.GS.sorted.bam, /scratch/xf3/bxs800/analysis/Pst198E16_v1/RNAseq/US/Pst198E16_v1.US.sorted.bam
    output: /scratch/xf3/bxs800/analysis/Pst198E16_v1/RNAseq/combined/Pst198E16_v1.combined.sorted.bam
    jobid: 46

Submitted job 46 with external jobid '13497380.gadi-pbs'.
[Fri Nov 13 16:38:31 2020]
Error in rule samtoolMerge:
    jobid: 46
    output: /scratch/xf3/bxs800/analysis/Pst198E16_v1/RNAseq/combined/Pst198E16_v1.combined.sorted.bam
    shell:
        samtools merge -@ 16 /scratch/xf3/bxs800/analysis/Pst198E16_v1/RNAseq/combined/Pst198E16_v1.combined.sorted.bam;samtools index -@ 16 /scratch/xf3/bxs800/analysis/Pst198E16_v1/RNAseq/combined/Pst198E16_v1.combined.sorted.bam
        (one of the commands exited with non-zero exit code; note that snakemake uses bash strict mode!)
    cluster_jobid: 13497380.gadi-pbs

Error executing rule samtoolMerge on cluster (jobid: 46, external: 13497380.gadi-pbs, jobscript: /home/800/bxs800/scripts/snakemake/recepies/RNAseqTrinity/.snakemake/tmp.nayf2yoc/snakejob.samtoolMerge.46.sh). For error details see the cluster log and the log files of the involved rule(s).
Job failed, going on with independent jobs.
Exiting because a job execution failed. Look above for error message
Complete log: /home/800/bxs800/scripts/snakemake/recepies/RNAseqTrinity/.snakemake/log/2020-11-13T163649.655065.snakemake.log
