Building DAG of jobs...
Using shell: /bin/bash
Provided cluster nodes: 1000
Job counts:
	count	jobs
	1	all
	2	fastqQCpre
	3

[Wed Nov 11 16:48:43 2020]
rule fastqQCpre:
    input: /scratch/be39/bxs800/fungalgenomes/rawdata/DMTRCTR7788_L001R1.fastq.gz, /scratch/be39/bxs800/fungalgenomes/rawdata/DMTRCTR7788_L002R1.fastq.gz, /scratch/be39/bxs800/fungalgenomes/rawdata/DMTRCTR7788_L001R2.fastq.gz, /scratch/be39/bxs800/fungalgenomes/rawdata/DMTRCTR7788_L002R2.fastq.gz
    output: /scratch/be39/bxs800/fungalgenomes/rawdata/../FASTQC/PRE/DMTRCTR7788/DMTRCTR7788_L001R1.fastqc.done, /scratch/be39/bxs800/fungalgenomes/rawdata/../FASTQC/PRE/DMTRCTR7788/DMTRCTR7788_L002R1.fastqc.done, /scratch/be39/bxs800/fungalgenomes/rawdata/../FASTQC/PRE/DMTRCTR7788/DMTRCTR7788_L001R2.fastqc.done, /scratch/be39/bxs800/fungalgenomes/rawdata/../FASTQC/PRE/DMTRCTR7788/DMTRCTR7788_L002R2.fastqc.done, /scratch/be39/bxs800/fungalgenomes/rawdata/../FASTQC/PRE/DMTRCTR7788
    jobid: 2
    wildcards: sample=DMTRCTR7788

Submitted job 2 with external jobid '13434508.gadi-pbs'.

[Wed Nov 11 16:48:45 2020]
rule fastqQCpre:
    input: /scratch/be39/bxs800/fungalgenomes/rawdata/DMTRCTR140_L001R1.fastq.gz, /scratch/be39/bxs800/fungalgenomes/rawdata/DMTRCTR140_L002R1.fastq.gz, /scratch/be39/bxs800/fungalgenomes/rawdata/DMTRCTR140_L001R2.fastq.gz, /scratch/be39/bxs800/fungalgenomes/rawdata/DMTRCTR140_L002R2.fastq.gz
    output: /scratch/be39/bxs800/fungalgenomes/rawdata/../FASTQC/PRE/DMTRCTR140/DMTRCTR140_L001R1.fastqc.done, /scratch/be39/bxs800/fungalgenomes/rawdata/../FASTQC/PRE/DMTRCTR140/DMTRCTR140_L002R1.fastqc.done, /scratch/be39/bxs800/fungalgenomes/rawdata/../FASTQC/PRE/DMTRCTR140/DMTRCTR140_L001R2.fastqc.done, /scratch/be39/bxs800/fungalgenomes/rawdata/../FASTQC/PRE/DMTRCTR140/DMTRCTR140_L002R2.fastqc.done, /scratch/be39/bxs800/fungalgenomes/rawdata/../FASTQC/PRE/DMTRCTR140
    jobid: 1
    wildcards: sample=DMTRCTR140

Submitted job 1 with external jobid '13434509.gadi-pbs'.
[Wed Nov 11 16:59:24 2020]
Finished job 2.
1 of 3 steps (33%) done
[Wed Nov 11 17:03:04 2020]
Finished job 1.
2 of 3 steps (67%) done

[Wed Nov 11 17:03:04 2020]
localrule all:
    input: /scratch/be39/bxs800/fungalgenomes/rawdata/../FASTQC/PRE/DMTRCTR140/DMTRCTR140_L001R1.fastqc.done, /scratch/be39/bxs800/fungalgenomes/rawdata/../FASTQC/PRE/DMTRCTR140/DMTRCTR140_L002R1.fastqc.done, /scratch/be39/bxs800/fungalgenomes/rawdata/../FASTQC/PRE/DMTRCTR140/DMTRCTR140_L001R2.fastqc.done, /scratch/be39/bxs800/fungalgenomes/rawdata/../FASTQC/PRE/DMTRCTR140/DMTRCTR140_L002R2.fastqc.done, /scratch/be39/bxs800/fungalgenomes/rawdata/../FASTQC/PRE/DMTRCTR7788/DMTRCTR7788_L001R1.fastqc.done, /scratch/be39/bxs800/fungalgenomes/rawdata/../FASTQC/PRE/DMTRCTR7788/DMTRCTR7788_L002R1.fastqc.done, /scratch/be39/bxs800/fungalgenomes/rawdata/../FASTQC/PRE/DMTRCTR7788/DMTRCTR7788_L001R2.fastqc.done, /scratch/be39/bxs800/fungalgenomes/rawdata/../FASTQC/PRE/DMTRCTR7788/DMTRCTR7788_L002R2.fastqc.done, /scratch/be39/bxs800/fungalgenomes/trimmeddata/DMTRCTR140/DMTRCTR140_L001R1.trimmed.fastq.gz, /scratch/be39/bxs800/fungalgenomes/trimmeddata/DMTRCTR140/DMTRCTR140_L001R2.trimmed.fastq.gz, /scratch/be39/bxs800/fungalgenomes/trimmeddata/DMTRCTR140/DMTRCTR140_L002R1.trimmed.fastq.gz, /scratch/be39/bxs800/fungalgenomes/trimmeddata/DMTRCTR140/DMTRCTR140_L002R2.trimmed.fastq.gz, /scratch/be39/bxs800/fungalgenomes/trimmeddata/DMTRCTR7788/DMTRCTR7788_L001R1.trimmed.fastq.gz, /scratch/be39/bxs800/fungalgenomes/trimmeddata/DMTRCTR7788/DMTRCTR7788_L001R2.trimmed.fastq.gz, /scratch/be39/bxs800/fungalgenomes/trimmeddata/DMTRCTR7788/DMTRCTR7788_L002R1.trimmed.fastq.gz, /scratch/be39/bxs800/fungalgenomes/trimmeddata/DMTRCTR7788/DMTRCTR7788_L002R2.trimmed.fastq.gz, /scratch/be39/bxs800/fungalgenomes/rawdata/../FASTQC/POST/DMTRCTR140/fastqc.done, /scratch/be39/bxs800/fungalgenomes/rawdata/../FASTQC/POST/DMTRCTR7788/fastqc.done
    jobid: 0

[Wed Nov 11 17:03:04 2020]
Finished job 0.
3 of 3 steps (100%) done
Complete log: /home/800/bxs800/scripts/snakemake/recepies/trimSPADES/.snakemake/log/2020-11-11T164843.344668.snakemake.log
