Building DAG of jobs...
Using shell: /bin/bash
Provided cluster nodes: 1000
Job counts:
	count	jobs
	1	all
	2	fastqQCpost
	2	fastqQCpre
	4	trimmomatic
	9

[Wed Nov 11 14:30:01 2020]
rule trimmomatic:
    input: /scratch/be39/bxs800/fungalgenomes/rawdata/DMTRCTR7788_L001R1.fastq.gz, /scratch/be39/bxs800/fungalgenomes/rawdata/DMTRCTR7788_L001R2.fastq.gz
    output: /scratch/be39/bxs800/fungalgenomes/trimmeddata/DMTRCTR7788/DMTRCTR7788_L001R1.trimmed.fastq.gz, /scratch/be39/bxs800/fungalgenomes/trimmeddata/DMTRCTR7788/DMTRCTR7788_L001R2.trimmed.fastq.gz, /scratch/be39/bxs800/fungalgenomes/trimmeddata/DMTRCTR7788/DMTRCTR7788_L001R3.trimmed.fastq.gz, /scratch/be39/bxs800/fungalgenomes/trimmeddata/DMTRCTR7788/DMTRCTR7788_L001tmp1.fastq.gz, /scratch/be39/bxs800/fungalgenomes/trimmeddata/DMTRCTR7788/DMTRCTR7788_L001tmp2.fastq.gz
    jobid: 5
    wildcards: sample=DMTRCTR7788, lane=L001

Submitted job 5 with external jobid '13429073.gadi-pbs'.

[Wed Nov 11 14:30:03 2020]
rule fastqQCpre:
    input: /scratch/be39/bxs800/fungalgenomes/rawdata/DMTRCTR7788_L001R1.fastq.gz, /scratch/be39/bxs800/fungalgenomes/rawdata/DMTRCTR7788_L002R1.fastq.gz, /scratch/be39/bxs800/fungalgenomes/rawdata/DMTRCTR7788_L001R2.fastq.gz, /scratch/be39/bxs800/fungalgenomes/rawdata/DMTRCTR7788_L002R2.fastq.gz
    output: /scratch/be39/bxs800/fungalgenomes/rawdata/../FASTQC/PRE/DMTRCTR7788/DMTRCTR7788_L001R1.fastqc.done, /scratch/be39/bxs800/fungalgenomes/rawdata/../FASTQC/PRE/DMTRCTR7788/DMTRCTR7788_L002R1.fastqc.done, /scratch/be39/bxs800/fungalgenomes/rawdata/../FASTQC/PRE/DMTRCTR7788/DMTRCTR7788_L001R2.fastqc.done, /scratch/be39/bxs800/fungalgenomes/rawdata/../FASTQC/PRE/DMTRCTR7788/DMTRCTR7788_L002R2.fastqc.done, /scratch/be39/bxs800/fungalgenomes/rawdata/../FASTQC/PRE/{DMTRCTR7788}
    jobid: 2
    wildcards: sample=DMTRCTR7788

Submitted job 2 with external jobid '13429074.gadi-pbs'.

[Wed Nov 11 14:30:03 2020]
rule trimmomatic:
    input: /scratch/be39/bxs800/fungalgenomes/rawdata/DMTRCTR140_L001R1.fastq.gz, /scratch/be39/bxs800/fungalgenomes/rawdata/DMTRCTR140_L001R2.fastq.gz
    output: /scratch/be39/bxs800/fungalgenomes/trimmeddata/DMTRCTR140/DMTRCTR140_L001R1.trimmed.fastq.gz, /scratch/be39/bxs800/fungalgenomes/trimmeddata/DMTRCTR140/DMTRCTR140_L001R2.trimmed.fastq.gz, /scratch/be39/bxs800/fungalgenomes/trimmeddata/DMTRCTR140/DMTRCTR140_L001R3.trimmed.fastq.gz, /scratch/be39/bxs800/fungalgenomes/trimmeddata/DMTRCTR140/DMTRCTR140_L001tmp1.fastq.gz, /scratch/be39/bxs800/fungalgenomes/trimmeddata/DMTRCTR140/DMTRCTR140_L001tmp2.fastq.gz
    jobid: 3
    wildcards: sample=DMTRCTR140, lane=L001

Submitted job 3 with external jobid '13429075.gadi-pbs'.

[Wed Nov 11 14:30:03 2020]
rule trimmomatic:
    input: /scratch/be39/bxs800/fungalgenomes/rawdata/DMTRCTR7788_L002R1.fastq.gz, /scratch/be39/bxs800/fungalgenomes/rawdata/DMTRCTR7788_L002R2.fastq.gz
    output: /scratch/be39/bxs800/fungalgenomes/trimmeddata/DMTRCTR7788/DMTRCTR7788_L002R1.trimmed.fastq.gz, /scratch/be39/bxs800/fungalgenomes/trimmeddata/DMTRCTR7788/DMTRCTR7788_L002R2.trimmed.fastq.gz, /scratch/be39/bxs800/fungalgenomes/trimmeddata/DMTRCTR7788/DMTRCTR7788_L002R3.trimmed.fastq.gz, /scratch/be39/bxs800/fungalgenomes/trimmeddata/DMTRCTR7788/DMTRCTR7788_L002tmp1.fastq.gz, /scratch/be39/bxs800/fungalgenomes/trimmeddata/DMTRCTR7788/DMTRCTR7788_L002tmp2.fastq.gz
    jobid: 6
    wildcards: sample=DMTRCTR7788, lane=L002

Submitted job 6 with external jobid '13429076.gadi-pbs'.

[Wed Nov 11 14:30:04 2020]
rule fastqQCpre:
    input: /scratch/be39/bxs800/fungalgenomes/rawdata/DMTRCTR140_L001R1.fastq.gz, /scratch/be39/bxs800/fungalgenomes/rawdata/DMTRCTR140_L002R1.fastq.gz, /scratch/be39/bxs800/fungalgenomes/rawdata/DMTRCTR140_L001R2.fastq.gz, /scratch/be39/bxs800/fungalgenomes/rawdata/DMTRCTR140_L002R2.fastq.gz
    output: /scratch/be39/bxs800/fungalgenomes/rawdata/../FASTQC/PRE/DMTRCTR140/DMTRCTR140_L001R1.fastqc.done, /scratch/be39/bxs800/fungalgenomes/rawdata/../FASTQC/PRE/DMTRCTR140/DMTRCTR140_L002R1.fastqc.done, /scratch/be39/bxs800/fungalgenomes/rawdata/../FASTQC/PRE/DMTRCTR140/DMTRCTR140_L001R2.fastqc.done, /scratch/be39/bxs800/fungalgenomes/rawdata/../FASTQC/PRE/DMTRCTR140/DMTRCTR140_L002R2.fastqc.done, /scratch/be39/bxs800/fungalgenomes/rawdata/../FASTQC/PRE/{DMTRCTR140}
    jobid: 1
    wildcards: sample=DMTRCTR140

Submitted job 1 with external jobid '13429077.gadi-pbs'.

[Wed Nov 11 14:30:04 2020]
rule trimmomatic:
    input: /scratch/be39/bxs800/fungalgenomes/rawdata/DMTRCTR140_L002R1.fastq.gz, /scratch/be39/bxs800/fungalgenomes/rawdata/DMTRCTR140_L002R2.fastq.gz
    output: /scratch/be39/bxs800/fungalgenomes/trimmeddata/DMTRCTR140/DMTRCTR140_L002R1.trimmed.fastq.gz, /scratch/be39/bxs800/fungalgenomes/trimmeddata/DMTRCTR140/DMTRCTR140_L002R2.trimmed.fastq.gz, /scratch/be39/bxs800/fungalgenomes/trimmeddata/DMTRCTR140/DMTRCTR140_L002R3.trimmed.fastq.gz, /scratch/be39/bxs800/fungalgenomes/trimmeddata/DMTRCTR140/DMTRCTR140_L002tmp1.fastq.gz, /scratch/be39/bxs800/fungalgenomes/trimmeddata/DMTRCTR140/DMTRCTR140_L002tmp2.fastq.gz
    jobid: 4
    wildcards: sample=DMTRCTR140, lane=L002

Submitted job 4 with external jobid '13429078.gadi-pbs'.
[Wed Nov 11 14:31:41 2020]
Error in rule fastqQCpre:
    jobid: 2
    output: /scratch/be39/bxs800/fungalgenomes/rawdata/../FASTQC/PRE/DMTRCTR7788/DMTRCTR7788_L001R1.fastqc.done, /scratch/be39/bxs800/fungalgenomes/rawdata/../FASTQC/PRE/DMTRCTR7788/DMTRCTR7788_L002R1.fastqc.done, /scratch/be39/bxs800/fungalgenomes/rawdata/../FASTQC/PRE/DMTRCTR7788/DMTRCTR7788_L001R2.fastqc.done, /scratch/be39/bxs800/fungalgenomes/rawdata/../FASTQC/PRE/DMTRCTR7788/DMTRCTR7788_L002R2.fastqc.done, /scratch/be39/bxs800/fungalgenomes/rawdata/../FASTQC/PRE/{DMTRCTR7788}
    shell:
        /home/800/bxs800/programs/FastQC/fastqc /scratch/be39/bxs800/fungalgenomes/rawdata/DMTRCTR7788_L001R1.fastq.gz /scratch/be39/bxs800/fungalgenomes/rawdata/DMTRCTR7788_L002R1.fastq.gz /scratch/be39/bxs800/fungalgenomes/rawdata/DMTRCTR7788_L001R2.fastq.gz /scratch/be39/bxs800/fungalgenomes/rawdata/DMTRCTR7788_L002R2.fastq.gz --outdir=/scratch/be39/bxs800/fungalgenomes/rawdata/../FASTQC/PRE/{DMTRCTR7788};touch /scratch/be39/bxs800/fungalgenomes/rawdata/../FASTQC/PRE/DMTRCTR7788/DMTRCTR7788_L001R1.fastqc.done /scratch/be39/bxs800/fungalgenomes/rawdata/../FASTQC/PRE/DMTRCTR7788/DMTRCTR7788_L002R1.fastqc.done /scratch/be39/bxs800/fungalgenomes/rawdata/../FASTQC/PRE/DMTRCTR7788/DMTRCTR7788_L001R2.fastqc.done /scratch/be39/bxs800/fungalgenomes/rawdata/../FASTQC/PRE/DMTRCTR7788/DMTRCTR7788_L002R2.fastqc.done
        (one of the commands exited with non-zero exit code; note that snakemake uses bash strict mode!)
    cluster_jobid: 13429074.gadi-pbs

Error executing rule fastqQCpre on cluster (jobid: 2, external: 13429074.gadi-pbs, jobscript: /home/800/bxs800/scripts/snakemake/recepies/trimSPADES/.snakemake/tmp.av5o1vgv/snakejob.fastqQCpre.2.sh). For error details see the cluster log and the log files of the involved rule(s).
Job failed, going on with independent jobs.
[Wed Nov 11 14:31:41 2020]
Error in rule fastqQCpre:
    jobid: 1
    output: /scratch/be39/bxs800/fungalgenomes/rawdata/../FASTQC/PRE/DMTRCTR140/DMTRCTR140_L001R1.fastqc.done, /scratch/be39/bxs800/fungalgenomes/rawdata/../FASTQC/PRE/DMTRCTR140/DMTRCTR140_L002R1.fastqc.done, /scratch/be39/bxs800/fungalgenomes/rawdata/../FASTQC/PRE/DMTRCTR140/DMTRCTR140_L001R2.fastqc.done, /scratch/be39/bxs800/fungalgenomes/rawdata/../FASTQC/PRE/DMTRCTR140/DMTRCTR140_L002R2.fastqc.done, /scratch/be39/bxs800/fungalgenomes/rawdata/../FASTQC/PRE/{DMTRCTR140}
    shell:
        /home/800/bxs800/programs/FastQC/fastqc /scratch/be39/bxs800/fungalgenomes/rawdata/DMTRCTR140_L001R1.fastq.gz /scratch/be39/bxs800/fungalgenomes/rawdata/DMTRCTR140_L002R1.fastq.gz /scratch/be39/bxs800/fungalgenomes/rawdata/DMTRCTR140_L001R2.fastq.gz /scratch/be39/bxs800/fungalgenomes/rawdata/DMTRCTR140_L002R2.fastq.gz --outdir=/scratch/be39/bxs800/fungalgenomes/rawdata/../FASTQC/PRE/{DMTRCTR140};touch /scratch/be39/bxs800/fungalgenomes/rawdata/../FASTQC/PRE/DMTRCTR140/DMTRCTR140_L001R1.fastqc.done /scratch/be39/bxs800/fungalgenomes/rawdata/../FASTQC/PRE/DMTRCTR140/DMTRCTR140_L002R1.fastqc.done /scratch/be39/bxs800/fungalgenomes/rawdata/../FASTQC/PRE/DMTRCTR140/DMTRCTR140_L001R2.fastqc.done /scratch/be39/bxs800/fungalgenomes/rawdata/../FASTQC/PRE/DMTRCTR140/DMTRCTR140_L002R2.fastqc.done
        (one of the commands exited with non-zero exit code; note that snakemake uses bash strict mode!)
    cluster_jobid: 13429077.gadi-pbs

Error executing rule fastqQCpre on cluster (jobid: 1, external: 13429077.gadi-pbs, jobscript: /home/800/bxs800/scripts/snakemake/recepies/trimSPADES/.snakemake/tmp.av5o1vgv/snakejob.fastqQCpre.1.sh). For error details see the cluster log and the log files of the involved rule(s).
Job failed, going on with independent jobs.
Removing temporary output file /scratch/be39/bxs800/fungalgenomes/trimmeddata/DMTRCTR7788/DMTRCTR7788_L002tmp1.fastq.gz.
Removing temporary output file /scratch/be39/bxs800/fungalgenomes/trimmeddata/DMTRCTR7788/DMTRCTR7788_L002tmp2.fastq.gz.
[Wed Nov 11 14:43:22 2020]
Finished job 6.
1 of 9 steps (11%) done
Removing temporary output file /scratch/be39/bxs800/fungalgenomes/trimmeddata/DMTRCTR140/DMTRCTR140_L002tmp1.fastq.gz.
Removing temporary output file /scratch/be39/bxs800/fungalgenomes/trimmeddata/DMTRCTR140/DMTRCTR140_L002tmp2.fastq.gz.
[Wed Nov 11 14:43:22 2020]
Finished job 4.
2 of 9 steps (22%) done
Removing temporary output file /scratch/be39/bxs800/fungalgenomes/trimmeddata/DMTRCTR140/DMTRCTR140_L001tmp1.fastq.gz.
Removing temporary output file /scratch/be39/bxs800/fungalgenomes/trimmeddata/DMTRCTR140/DMTRCTR140_L001tmp2.fastq.gz.
[Wed Nov 11 14:43:53 2020]
Finished job 3.
3 of 9 steps (33%) done

[Wed Nov 11 14:43:53 2020]
rule fastqQCpost:
    input: /scratch/be39/bxs800/fungalgenomes/trimmeddata/DMTRCTR140/DMTRCTR140_L001R1.trimmed.fastq.gz, /scratch/be39/bxs800/fungalgenomes/trimmeddata/DMTRCTR140/DMTRCTR140_L002R1.trimmed.fastq.gz, /scratch/be39/bxs800/fungalgenomes/trimmeddata/DMTRCTR140/DMTRCTR140_L001R2.trimmed.fastq.gz, /scratch/be39/bxs800/fungalgenomes/trimmeddata/DMTRCTR140/DMTRCTR140_L002R2.trimmed.fastq.gz, /scratch/be39/bxs800/fungalgenomes/trimmeddata/DMTRCTR140/DMTRCTR140_L001R3.trimmed.fastq.gz, /scratch/be39/bxs800/fungalgenomes/trimmeddata/DMTRCTR140/DMTRCTR140_L002R3.trimmed.fastq.gz
    output: /scratch/be39/bxs800/fungalgenomes/rawdata/../FASTQC/POST/DMTRCTR140/, /scratch/be39/bxs800/fungalgenomes/rawdata/../FASTQC/POST/DMTRCTR140/fastqc.done
    jobid: 7
    wildcards: sample=DMTRCTR140

Submitted job 7 with external jobid '13430240.gadi-pbs'.
Removing temporary output file /scratch/be39/bxs800/fungalgenomes/trimmeddata/DMTRCTR7788/DMTRCTR7788_L001tmp1.fastq.gz.
Removing temporary output file /scratch/be39/bxs800/fungalgenomes/trimmeddata/DMTRCTR7788/DMTRCTR7788_L001tmp2.fastq.gz.
[Wed Nov 11 14:44:33 2020]
Finished job 5.
4 of 9 steps (44%) done

[Wed Nov 11 14:44:33 2020]
rule fastqQCpost:
    input: /scratch/be39/bxs800/fungalgenomes/trimmeddata/DMTRCTR7788/DMTRCTR7788_L001R1.trimmed.fastq.gz, /scratch/be39/bxs800/fungalgenomes/trimmeddata/DMTRCTR7788/DMTRCTR7788_L002R1.trimmed.fastq.gz, /scratch/be39/bxs800/fungalgenomes/trimmeddata/DMTRCTR7788/DMTRCTR7788_L001R2.trimmed.fastq.gz, /scratch/be39/bxs800/fungalgenomes/trimmeddata/DMTRCTR7788/DMTRCTR7788_L002R2.trimmed.fastq.gz, /scratch/be39/bxs800/fungalgenomes/trimmeddata/DMTRCTR7788/DMTRCTR7788_L001R3.trimmed.fastq.gz, /scratch/be39/bxs800/fungalgenomes/trimmeddata/DMTRCTR7788/DMTRCTR7788_L002R3.trimmed.fastq.gz
    output: /scratch/be39/bxs800/fungalgenomes/rawdata/../FASTQC/POST/DMTRCTR7788/, /scratch/be39/bxs800/fungalgenomes/rawdata/../FASTQC/POST/DMTRCTR7788/fastqc.done
    jobid: 8
    wildcards: sample=DMTRCTR7788

Submitted job 8 with external jobid '13430260.gadi-pbs'.
[Wed Nov 11 14:53:14 2020]
Finished job 7.
5 of 9 steps (56%) done
[Wed Nov 11 14:53:14 2020]
Finished job 8.
6 of 9 steps (67%) done
Exiting because a job execution failed. Look above for error message
Complete log: /home/800/bxs800/scripts/snakemake/recepies/trimSPADES/.snakemake/log/2020-11-11T143001.483741.snakemake.log
